
**************************************************************
 Geant4 version Name: geant4-11-02-patch-02 [MT]   (21-June-2024)
                       Copyright : Geant4 Collaboration
                      References : NIM A 506 (2003), 250-303
                                 : IEEE-TNS 53 (2006), 270-278
                                 : NIM A 835 (2016), 186-225
                             WWW : http://geant4.org/
**************************************************************

Building the DetectorConstruction...
DetectorConstruction: DefineMaterials.
DetectorConstruction: DefineColors.
Defining material LaBr3.
Defining material LYSO.
Defining material GAGG.
Building the D_ detector of type Box

Mother volume       section:  15.9999       height:   44.5
       material: G4_AIR
Inserting the Cover 
          section:  15.9999          height:   40.5
          material: G4_Al
Inserting the Scintillator 
          section:  12.4          height:   40
          material: LYSO
Inserting the Reflector 
          section : 13.2          height:   40
          material: G4_BARIUM_SULFATE
Inserting the Teflon 
          section:  13.6          height:   40
          material: G4_TEFLON
 Detector D_ built

--- Detector properties ---
--- Detector Type:      Box
--- Scintillator ---
 Scintillator material: LYSO
 Section side:          12.4 mm
 Height:                40 mm
--- Reflector ---
 Reflector material:    G4_BARIUM_SULFATE
 Thickness:             0.4 mm
--- Teflon ---
 Teflon material:       G4_TEFLON
 Side Thickness:        0.2 mm
 Front Thickness:       0.5 mm
--- Cover ---
 Cover material:        G4_Al
 Side  thickness:       1 mm
 Front thickness:       4 mm
 --- Complete detector ---
 Section side:          15.9999 mm
 Height:                44.5 mm


Building the PrimaryGeneratorAction... 
 OK!
Building the CalorRunAction...
  Got vectors to store the data
Visualization Manager instantiating with verbosity "warnings (3)"...
Visualization Manager initialising...
Registering graphics systems...

You have successfully registered the following graphics systems.
Registered graphics systems are:
  ASCIITree (ATree)
  DAWNFILE (DAWNFILE)
  G4HepRepFile (HepRepFile)
  RayTracer (RayTracer)
  VRML2FILE (VRML2FILE)
  gMocrenFile (gMocrenFile)
  TOOLSSG_OFFSCREEN (TSG_OFFSCREEN)
  TOOLSSG_OFFSCREEN (TSG_OFFSCREEN, TSG_FILE)
  OpenGLImmediateX (OGLIX, OGLI)
  OpenGLStoredX (OGLSX, OGL, OGLS)
  TOOLSSG_X11_GLES (TSG_X11_GLES, TSGX11, TSG)
Default graphics system is: TSG_OFFSCREEN (based on batch session).
Default window size hint is: 600x600-0+0 (based on G4VisManager initialisation).
Note: Parameters specified on the command line will override these defaults.
      Use "vis/open" without parameters to get these defaults.

Registering model factories...

You have successfully registered the following model factories.
Registered model factories:
  generic
  drawByAttribute
  drawByCharge
  drawByOriginVolume
  drawByParticleID
  drawByEncounteredVolume

Registered models:
  None

Registered filter factories:
  attributeFilter
  chargeFilter
  originVolumeFilter
  particleFilter
  encounteredVolumeFilter

Registered filters:
  None

You have successfully registered the following user vis actions.
Run Duration User Vis Actions: none
End of Event User Vis Actions: none
End of Run User Vis Actions: none

Some /vis commands (optionally) take a string to specify colour.
"/vis/list" to see available colours.
THE FOLLOWING ELECTROMAGNETIC PHYSICS LIST HAS BEEN ACTIVATED: G4EmStandardPhysics_option4

DetectorConstruction::Construct()
Building the D_ detector of type Box

Mother volume       section:  15.9999       height:   44.5
       material: G4_AIR
Inserting the Cover 
          section:  15.9999          height:   40.5
          material: G4_Al
Inserting the Scintillator 
          section:  12.4          height:   40
          material: LYSO
Inserting the Reflector 
          section : 13.2          height:   40
          material: G4_BARIUM_SULFATE
Inserting the Teflon 
          section:  13.6          height:   40
          material: G4_TEFLON
 Detector D_ built

--- Detector properties ---
--- Detector Type:      Box
--- Scintillator ---
 Scintillator material: LYSO
 Section side:          12.4 mm
 Height:                40 mm
--- Reflector ---
 Reflector material:    G4_BARIUM_SULFATE
 Thickness:             0.4 mm
--- Teflon ---
 Teflon material:       G4_TEFLON
 Side Thickness:        0.2 mm
 Front Thickness:       0.5 mm
--- Cover ---
 Cover material:        G4_Al
 Side  thickness:       1 mm
 Front thickness:       4 mm
 --- Complete detector ---
 Section side:          15.9999 mm
 Height:                44.5 mm

 Inserting Detectors... 
 File for the calorimeter's detectors positions:
../DetectorsPositionFiles/lplace-onedetector.dat
Can not open file ../DetectorsPositionFiles/lplace-onedetector.dat
Only one detector will be inserted on the z axis
at +30 cm from the target/source position
Detector Name: D_0_0 Index: 0

The file directory for detectors description file was changed.
Old file directory: ../DetectorsPositionFiles/
New file directory: /home/moralles/geant4-v11.2.2/Calor5.0-build/DetectorsPositionFiles/
The file name for detectors was changed.
Old file name: lplace-onedetector.dat
New file name: TesteGN.dat
The Chamber Material was changed.
Old Material: G4_Al
New Material: G4_Galactic
The target holder Material was changed.
Old Material: G4_Cu
New Material: G4_Galactic

Reading W(k,l) coefficients from file /home/moralles/geant4-v11.2.2/Calor5.0-build/Wkq_files/Wkq_Zero_1712MeV_Li7_Sn120.dat
 Set Wkq(0,0)= (0.0140666,0)
 Set Wkq(2,-2)= (-0.00102688,-0.00147601)
 Set Wkq(2,-1)= (-0.000845955,0.00161156)
 Set Wkq(2,0)= (-0.000757173,-0)
 Set Wkq(2,1)= (0.000845955,0.00161156)
 Set Wkq(2,2)= (-0.00102688,0.00147601)
 Set Wkq(4,-4)= (0.000545841,-0.00147272)
 Set Wkq(4,-3)= (-0.00222222,0.000271642)
 Set Wkq(4,-2)= (0.000301208,0.000464418)
 Set Wkq(4,-1)= (-0.000703841,0.00135669)
 Set Wkq(4,0)= (0.00074133,0)
 Set Wkq(4,1)= (0.000703841,0.00135669)
 Set Wkq(4,2)= (0.000301208,-0.000464418)
 Set Wkq(4,3)= (0.00222222,0.000271642)
 Set Wkq(4,4)= (0.000545841,0.00147272)
Start re-initialization because 
  Geometry
has been modified since last Run.

DetectorConstruction::Construct()
Building the D_ detector of type Box

Mother volume       section:  15.9999       height:   44.5
       material: G4_AIR
Inserting the Cover 
          section:  15.9999          height:   40.5
          material: G4_Al
Inserting the Scintillator 
          section:  12.4          height:   40
          material: LYSO
Inserting the Reflector 
          section : 13.2          height:   40
          material: G4_BARIUM_SULFATE
Inserting the Teflon 
          section:  13.6          height:   40
          material: G4_TEFLON
 Detector D_ built

--- Detector properties ---
--- Detector Type:      Box
--- Scintillator ---
 Scintillator material: LYSO
 Section side:          12.4 mm
 Height:                40 mm
--- Reflector ---
 Reflector material:    G4_BARIUM_SULFATE
 Thickness:             0.4 mm
--- Teflon ---
 Teflon material:       G4_TEFLON
 Side Thickness:        0.2 mm
 Front Thickness:       0.5 mm
--- Cover ---
 Cover material:        G4_Al
 Side  thickness:       1 mm
 Front thickness:       4 mm
 --- Complete detector ---
 Section side:          15.9999 mm
 Height:                44.5 mm

Building the D_ detector of type Box

Mother volume       section:  15.9999       height:   44.5
       material: G4_AIR
Inserting the Cover 
          section:  15.9999          height:   40.5
          material: G4_Al
Inserting the Scintillator 
          section:  12.4          height:   40
          material: LYSO
Inserting the Reflector 
          section : 13.2          height:   40
          material: G4_BARIUM_SULFATE
Inserting the Teflon 
          section:  13.6          height:   40
          material: G4_TEFLON
 Detector D_ built

--- Detector properties ---
--- Detector Type:      Box
--- Scintillator ---
 Scintillator material: LYSO
 Section side:          12.4 mm
 Height:                40 mm
--- Reflector ---
 Reflector material:    G4_BARIUM_SULFATE
 Thickness:             0.4 mm
--- Teflon ---
 Teflon material:       G4_TEFLON
 Side Thickness:        0.2 mm
 Front Thickness:       0.5 mm
--- Cover ---
 Cover material:        G4_Al
 Side  thickness:       1 mm
 Front thickness:       4 mm
 --- Complete detector ---
 Section side:          15.9999 mm
 Height:                44.5 mm

 Inserting Detectors... 
 File for the calorimeter's detectors positions:
/home/moralles/geant4-v11.2.2/Calor5.0-build/DetectorsPositionFiles/TesteGN.dat
 Numbers of detectors for this configuration: 315
__________________________________________________________________________
Det   X        Y        Z        Phi      Theta    Psi        Det. Name
0     222.75   113.50   0.00     27.00    90.00    0.00       D_0_27_90
1     221.06   113.50   -27.37   27.18    96.29    0.00       D_1_27_96
2     216.02   113.50   -54.33   27.72    102.55   0.00       D_2_28_103
3     207.71   113.50   -80.47   28.65    108.78   0.00       D_3_29_109
4     196.25   113.50   -105.38  30.04    114.93   0.00       D_4_30_115
5     181.81   113.50   -128.70  31.98    120.98   0.00       D_5_32_121
6     164.62   113.50   -150.07  34.59    126.89   0.00       D_6_35_127
7     144.93   113.50   -169.16  38.07    132.58   0.00       D_7_38_133
8     123.04   113.50   -185.69  42.69    137.97   0.00       D_8_43_138
9     99.29    113.50   -199.40  48.82    142.90   0.00       D_9_49_143
10    74.03    113.50   -210.09  56.88    147.18   0.00       D_10_57_147
11    47.65    113.50   -217.59  67.22    150.50   0.00       D_11_67_151
12    20.55    113.50   -221.80  79.74    152.52   0.00       D_12_80_153
13    -6.86    113.50   -222.65  93.46    152.95   0.00       D_13_93_153
14    -34.17   113.50   -220.12  106.75   151.70   0.00       D_14_107_152
15    -60.96   113.50   -214.25  118.24   148.98   0.00       D_15_118_149
16    -86.83   113.50   -205.13  127.42   145.14   0.00       D_16_127_145
17    -111.38  113.50   -192.91  134.46   140.50   0.00       D_17_134_141
18    -134.24  113.50   -177.76  139.79   135.32   0.00       D_18_140_135
19    -155.06  113.50   -159.92  143.80   129.77   0.00       D_19_144_130
20    -173.54  113.50   -139.65  146.81   123.96   0.00       D_20_147_124
21    -189.39  113.50   -117.26  149.07   117.97   0.00       D_21_149_118
22    -202.36  113.50   -93.10   150.71   111.86   0.00       D_22_151_112
23    -212.27  113.50   -67.53   151.87   105.67   0.00       D_23_152_106
24    -218.96  113.50   -40.93   152.60   99.42    0.00       D_24_153_99
25    -222.33  113.50   -13.71   152.96   93.14    0.00       D_25_153_93
26    -222.33  113.50   13.71    152.96   86.86    0.00       D_26_153_87
27    -218.96  113.50   40.93    152.60   80.58    0.00       D_27_153_81
28    -212.27  113.50   67.53    151.87   74.33    0.00       D_28_152_74
29    -202.36  113.50   93.10    150.71   68.14    0.00       D_29_151_68
30    -189.39  113.50   117.26   149.07   62.03    0.00       D_30_149_62
31    -173.54  113.50   139.65   146.81   56.04    0.00       D_31_147_56
32    -155.06  113.50   159.92   143.80   50.23    0.00       D_32_144_50
33    -134.24  113.50   177.76   139.79   44.68    0.00       D_33_140_45
34    -111.38  113.50   192.91   134.46   39.50    0.00       D_34_134_39
35    -86.83   113.50   205.13   127.42   34.86    0.00       D_35_127_35
36    -60.96   113.50   214.25   118.24   31.02    0.00       D_36_118_31
37    -34.17   113.50   220.12   106.75   28.30    0.00       D_37_107_28
38    -6.86    113.50   222.65   93.46    27.05    0.00       D_38_93_27
39    20.55    113.50   221.80   79.74    27.48    0.00       D_39_80_27
40    47.65    113.50   217.59   67.22    29.50    0.00       D_40_67_29
41    74.03    113.50   210.09   56.88    32.82    0.00       D_41_57_33
42    99.29    113.50   199.40   48.82    37.10    0.00       D_42_49_37
43    123.04   113.50   185.69   42.69    42.03    0.00       D_43_43_42
44    144.93   113.50   169.16   38.07    47.42    0.00       D_44_38_47
45    164.62   113.50   150.07   34.59    53.11    0.00       D_45_35_53
46    181.81   113.50   128.70   31.98    59.02    0.00       D_46_32_59
47    196.25   113.50   105.38   30.04    65.07    0.00       D_47_30_65
48    207.71   113.50   80.47    28.65    71.22    0.00       D_48_29_71
49    216.02   113.50   54.33    27.72    77.45    0.00       D_49_28_77
50    221.06   113.50   27.37    27.18    83.71    0.00       D_50_27_84
51    209.23   136.82   0.00     33.18    90.00    0.00       D_51_33_90
52    207.44   136.82   -27.31   33.41    96.27    0.00       D_52_33_96
53    202.10   136.82   -54.15   34.10    102.51   0.00       D_53_34_103
54    193.31   136.82   -80.07   35.29    108.68   0.00       D_54_35_109
55    181.20   136.82   -104.62  37.06    114.74   0.00       D_55_37_115
56    166.00   136.82   -127.37  39.50    120.63   0.00       D_56_39_121
57    147.95   136.82   -147.95  42.76    126.29   0.00       D_57_43_126
58    127.37   136.82   -166.00  47.05    131.60   0.00       D_58_47_132
59    104.62   136.82   -181.20  52.60    136.45   0.00       D_59_53_136
60    80.07    136.82   -193.31  59.66    140.64   0.00       D_60_60_141
61    54.15    136.82   -202.10  68.41    143.94   0.00       D_61_68_144
62    27.31    136.82   -207.44  78.71    146.08   0.00       D_62_79_146
63    0.00     136.82   -209.23  90.00    146.82   0.00       D_63_90_147
64    -27.31   136.82   -207.44  101.29   146.08   0.00       D_64_101_146
65    -54.15   136.82   -202.10  111.59   143.94   0.00       D_65_112_144
66    -80.07   136.82   -193.31  120.34   140.64   0.00       D_66_120_141
67    -104.62  136.82   -181.20  127.40   136.45   0.00       D_67_127_136
68    -127.37  136.82   -166.00  132.95   131.60   0.00       D_68_133_132
69    -147.95  136.82   -147.95  137.24   126.29   0.00       D_69_137_126
70    -166.00  136.82   -127.37  140.50   120.63   0.00       D_70_141_121
71    -181.20  136.82   -104.62  142.94   114.74   0.00       D_71_143_115
72    -193.31  136.82   -80.07   144.71   108.68   0.00       D_72_145_109
73    -202.10  136.82   -54.15   145.90   102.51   0.00       D_73_146_103
74    -207.44  136.82   -27.31   146.59   96.27    0.00       D_74_147_96
75    -209.23  136.82   -0.00    146.82   90.00    0.00       D_75_147_90
76    -207.44  136.82   27.31    146.59   83.73    0.00       D_76_147_84
77    -202.10  136.82   54.15    145.90   77.49    0.00       D_77_146_77
78    -193.31  136.82   80.07    144.71   71.32    0.00       D_78_145_71
79    -181.20  136.82   104.62   142.94   65.26    0.00       D_79_143_65
80    -166.00  136.82   127.37   140.50   59.37    0.00       D_80_141_59
81    -147.95  136.82   147.95   137.24   53.71    0.00       D_81_137_54
82    -127.37  136.82   166.00   132.95   48.40    0.00       D_82_133_48
83    -104.62  136.82   181.20   127.40   43.55    0.00       D_83_127_44
84    -80.07   136.82   193.31   120.34   39.36    0.00       D_84_120_39
85    -54.15   136.82   202.10   111.59   36.06    0.00       D_85_112_36
86    -27.31   136.82   207.44   101.29   33.92    0.00       D_86_101_34
87    -0.00    136.82   209.23   90.00    33.18    0.00       D_87_90_33
88    27.31    136.82   207.44   78.71    33.92    0.00       D_88_79_34
89    54.15    136.82   202.10   68.41    36.06    0.00       D_89_68_36
90    80.07    136.82   193.31   59.66    39.36    0.00       D_90_60_39
91    104.62   136.82   181.20   52.60    43.55    0.00       D_91_53_44
92    127.37   136.82   166.00   47.05    48.40    0.00       D_92_47_48
93    147.95   136.82   147.95   42.76    53.71    0.00       D_93_43_54
94    166.00   136.82   127.37   39.50    59.37    0.00       D_94_39_59
95    181.20   136.82   104.62   37.06    65.26    0.00       D_95_37_65
96    193.31   136.82   80.07    35.29    71.32    0.00       D_96_35_71
97    202.10   136.82   54.15    34.10    77.49    0.00       D_97_34_77
98    207.44   136.82   27.31    33.41    83.73    0.00       D_98_33_84
99    193.28   158.56   0.00     39.36    90.00    0.00       D_99_39_90
100   191.40   158.56   -26.90   39.64    96.18    0.00       D_100_40_96
101   185.80   158.56   -53.28   40.48    102.30   0.00       D_101_40_102
102   176.57   158.56   -78.62   41.92    108.33   0.00       D_102_42_108
103   163.91   158.56   -102.42  44.05    114.19   0.00       D_103_44_114
104   148.06   158.56   -124.24  46.96    119.80   0.00       D_104_47_120
105   129.33   158.56   -143.64  50.80    125.07   0.00       D_105_51_125
106   108.08   158.56   -160.24  55.72    129.86   0.00       D_106_56_130
107   84.73    158.56   -173.72  61.88    134.02   0.00       D_107_62_134
108   59.73    158.56   -183.82  69.36    137.33   0.00       D_108_69_137
109   33.56    158.56   -190.35  78.05    139.59   0.00       D_109_78_140
110   6.75     158.56   -193.17  87.56    140.59   0.00       D_110_88_141
111   -20.20   158.56   -192.22  97.26    140.26   0.00       D_111_97_140
112   -46.76   158.56   -187.54  106.43   138.60   0.00       D_112_106_139
113   -72.41   158.56   -179.21  114.54   135.79   0.00       D_113_115_136
114   -96.64   158.56   -167.39  121.36   132.03   0.00       D_114_121_132
115   -119.00  158.56   -152.31  126.89   127.53   0.00       D_115_127_128
116   -139.04  158.56   -134.27  131.25   122.48   0.00       D_116_131_122
117   -156.37  158.56   -113.61  134.60   117.03   0.00       D_117_135_117
118   -170.66  158.56   -90.74   137.10   111.28   0.00       D_118_137_111
119   -181.63  158.56   -66.11   138.88   105.33   0.00       D_119_139_105
120   -189.06  158.56   -40.19   140.01   99.25    0.00       D_120_140_99
121   -192.81  158.56   -13.48   140.57   93.09    0.00       D_121_141_93
122   -192.81  158.56   13.48    140.57   86.91    0.00       D_122_141_87
123   -189.06  158.56   40.19    140.01   80.75    0.00       D_123_140_81
124   -181.63  158.56   66.11    138.88   74.67    0.00       D_124_139_75
125   -170.66  158.56   90.74    137.10   68.72    0.00       D_125_137_69
126   -156.37  158.56   113.61   134.60   62.97    0.00       D_126_135_63
127   -139.04  158.56   134.27   131.25   57.52    0.00       D_127_131_58
128   -119.00  158.56   152.31   126.89   52.47    0.00       D_128_127_52
129   -96.64   158.56   167.39   121.36   47.97    0.00       D_129_121_48
130   -72.41   158.56   179.21   114.54   44.21    0.00       D_130_115_44
131   -46.76   158.56   187.54   106.43   41.40    0.00       D_131_106_41
132   -20.20   158.56   192.22   97.26    39.74    0.00       D_132_97_40
133   6.75     158.56   193.17   87.56    39.41    0.00       D_133_88_39
134   33.56    158.56   190.35   78.05    40.41    0.00       D_134_78_40
135   59.73    158.56   183.82   69.36    42.67    0.00       D_135_69_43
136   84.73    158.56   173.72   61.88    45.98    0.00       D_136_62_46
137   108.08   158.56   160.24   55.72    50.14    0.00       D_137_56_50
138   129.33   158.56   143.64   50.80    54.93    0.00       D_138_51_55
139   148.06   158.56   124.24   46.96    60.20    0.00       D_139_47_60
140   163.91   158.56   102.42   44.05    65.81    0.00       D_140_44_66
141   176.57   158.56   78.62    41.92    71.67    0.00       D_141_42_72
142   185.80   158.56   53.28    40.48    77.70    0.00       D_142_40_78
143   191.40   158.56   26.90    39.64    83.82    0.00       D_143_40_84
144   175.08   178.45   0.00     45.55    90.00    0.00       D_144_46_90
145   172.93   178.45   -27.39   45.90    96.29    0.00       D_145_46_96
146   166.52   178.45   -54.10   46.98    102.50   0.00       D_146_47_102
147   156.00   178.45   -79.49   48.84    108.54   0.00       D_147_49_109
148   141.65   178.45   -102.91  51.56    114.31   0.00       D_148_52_114
149   123.80   178.45   -123.80  55.25    119.68   0.00       D_149_55_120
150   102.91   178.45   -141.65  60.03    124.51   0.00       D_150_60_125
151   79.49    178.45   -156.00  65.99    128.61   0.00       D_151_66_129
152   54.10    178.45   -166.52  73.13    131.76   0.00       D_152_73_132
153   27.39    178.45   -172.93  81.27    133.77   0.00       D_153_81_134
154   0.00     178.45   -175.08  90.00    134.45   0.00       D_154_90_134
155   -27.39   178.45   -172.93  98.73    133.77   0.00       D_155_99_134
156   -54.10   178.45   -166.52  106.87   131.76   0.00       D_156_107_132
157   -79.49   178.45   -156.00  114.01   128.61   0.00       D_157_114_129
158   -102.91  178.45   -141.65  119.97   124.51   0.00       D_158_120_125
159   -123.80  178.45   -123.80  124.75   119.68   0.00       D_159_125_120
160   -141.65  178.45   -102.91  128.44   114.31   0.00       D_160_128_114
161   -156.00  178.45   -79.49   131.16   108.54   0.00       D_161_131_109
162   -166.52  178.45   -54.10   133.02   102.50   0.00       D_162_133_102
163   -172.93  178.45   -27.39   134.10   96.29    0.00       D_163_134_96
164   -175.08  178.45   -0.00    134.45   90.00    0.00       D_164_134_90
165   -172.93  178.45   27.39    134.10   83.71    0.00       D_165_134_84
166   -166.52  178.45   54.10    133.02   77.50    0.00       D_166_133_78
167   -156.00  178.45   79.49    131.16   71.46    0.00       D_167_131_71
168   -141.65  178.45   102.91   128.44   65.69    0.00       D_168_128_66
169   -123.80  178.45   123.80   124.75   60.32    0.00       D_169_125_60
170   -102.91  178.45   141.65   119.97   55.49    0.00       D_170_120_55
171   -79.49   178.45   156.00   114.01   51.39    0.00       D_171_114_51
172   -54.10   178.45   166.52   106.87   48.24    0.00       D_172_107_48
173   -27.39   178.45   172.93   98.73    46.23    0.00       D_173_99_46
174   -0.00    178.45   175.08   90.00    45.55    0.00       D_174_90_46
175   27.39    178.45   172.93   81.27    46.23    0.00       D_175_81_46
176   54.10    178.45   166.52   73.13    48.24    0.00       D_176_73_48
177   79.49    178.45   156.00   65.99    51.39    0.00       D_177_66_51
178   102.91   178.45   141.65   60.03    55.49    0.00       D_178_60_55
179   123.80   178.45   123.80   55.25    60.32    0.00       D_179_55_60
180   141.65   178.45   102.91   51.56    65.69    0.00       D_180_52_66
181   156.00   178.45   79.49    48.84    71.46    0.00       D_181_49_71
182   166.52   178.45   54.10    46.98    77.50    0.00       D_182_47_78
183   172.93   178.45   27.39    45.90    83.71    0.00       D_183_46_84
184   154.85   196.27   0.00     51.73    90.00    0.00       D_184_52_90
185   152.50   196.27   -26.89   52.15    96.17    0.00       D_185_52_96
186   145.51   196.27   -52.96   53.45    102.23   0.00       D_186_53_102
187   134.10   196.27   -77.42   55.66    108.04   0.00       D_187_56_108
188   118.62   196.27   -99.54   58.85    113.46   0.00       D_188_59_113
189   99.54    196.27   -118.62  63.11    118.33   0.00       D_189_63_118
190   77.42    196.27   -134.10  68.47    122.44   0.00       D_190_68_122
191   52.96    196.27   -145.51  74.90    125.59   0.00       D_191_75_126
192   26.89    196.27   -152.50  82.20    127.59   0.00       D_192_82_128
193   0.00     196.27   -154.85  90.00    128.27   0.00       D_193_90_128
194   -26.89   196.27   -152.50  97.80    127.59   0.00       D_194_98_128
195   -52.96   196.27   -145.51  105.10   125.59   0.00       D_195_105_126
196   -77.42   196.27   -134.10  111.53   122.44   0.00       D_196_112_122
197   -99.54   196.27   -118.62  116.89   118.33   0.00       D_197_117_118
198   -118.62  196.27   -99.54   121.15   113.46   0.00       D_198_121_113
199   -134.10  196.27   -77.42   124.34   108.04   0.00       D_199_124_108
200   -145.51  196.27   -52.96   126.55   102.23   0.00       D_200_127_102
201   -152.50  196.27   -26.89   127.85   96.17    0.00       D_201_128_96
202   -154.85  196.27   -0.00    128.27   90.00    0.00       D_202_128_90
203   -152.50  196.27   26.89    127.85   83.83    0.00       D_203_128_84
204   -145.51  196.27   52.96    126.55   77.77    0.00       D_204_127_78
205   -134.10  196.27   77.42    124.34   71.96    0.00       D_205_124_72
206   -118.62  196.27   99.54    121.15   66.54    0.00       D_206_121_67
207   -99.54   196.27   118.62   116.89   61.67    0.00       D_207_117_62
208   -77.42   196.27   134.10   111.53   57.56    0.00       D_208_112_58
209   -52.96   196.27   145.51   105.10   54.41    0.00       D_209_105_54
210   -26.89   196.27   152.50   97.80    52.41    0.00       D_210_98_52
211   -0.00    196.27   154.85   90.00    51.73    0.00       D_211_90_52
212   26.89    196.27   152.50   82.20    52.41    0.00       D_212_82_52
213   52.96    196.27   145.51   74.90    54.41    0.00       D_213_75_54
214   77.42    196.27   134.10   68.47    57.56    0.00       D_214_68_58
215   99.54    196.27   118.62   63.11    61.67    0.00       D_215_63_62
216   118.62   196.27   99.54    58.85    66.54    0.00       D_216_59_67
217   134.10   196.27   77.42    55.66    71.96    0.00       D_217_56_72
218   145.51   196.27   52.96    53.45    77.77    0.00       D_218_53_78
219   152.50   196.27   26.89    52.15    83.83    0.00       D_219_52_84
220   132.81   211.80   0.00     57.91    90.00    0.00       D_220_58_90
221   129.91   211.80   -27.61   58.48    96.34    0.00       D_221_58_96
222   121.33   211.80   -54.02   60.19    102.48   0.00       D_222_60_102
223   107.45   211.80   -78.07   63.10    108.20   0.00       D_223_63_108
224   88.87    211.80   -98.70   67.24    113.25   0.00       D_224_67_113
225   66.41    211.80   -115.02  72.59    117.39   0.00       D_225_73_117
226   41.04    211.80   -126.31  79.03    120.35   0.00       D_226_79_120
227   13.88    211.80   -132.09  86.25    121.89   0.00       D_227_86_122
228   -13.88   211.80   -132.09  93.75    121.89   0.00       D_228_94_122
229   -41.04   211.80   -126.31  100.97   120.35   0.00       D_229_101_120
230   -66.41   211.80   -115.02  107.41   117.39   0.00       D_230_107_117
231   -88.87   211.80   -98.70   112.76   113.25   0.00       D_231_113_113
232   -107.45  211.80   -78.07   116.90   108.20   0.00       D_232_117_108
233   -121.33  211.80   -54.02   119.81   102.48   0.00       D_233_120_102
234   -129.91  211.80   -27.61   121.52   96.34    0.00       D_234_122_96
235   -132.81  211.80   -0.00    122.09   90.00    0.00       D_235_122_90
236   -129.91  211.80   27.61    121.52   83.66    0.00       D_236_122_84
237   -121.33  211.80   54.02    119.81   77.52    0.00       D_237_120_78
238   -107.45  211.80   78.07    116.90   71.80    0.00       D_238_117_72
239   -88.87   211.80   98.70    112.76   66.75    0.00       D_239_113_67
240   -66.41   211.80   115.02   107.41   62.61    0.00       D_240_107_63
241   -41.04   211.80   126.31   100.97   59.65    0.00       D_241_101_60
242   -13.88   211.80   132.09   93.75    58.11    0.00       D_242_94_58
243   13.88    211.80   132.09   86.25    58.11    0.00       D_243_86_58
244   41.04    211.80   126.31   79.03    59.65    0.00       D_244_79_60
245   66.41    211.80   115.02   72.59    62.61    0.00       D_245_73_63
246   88.87    211.80   98.70    67.24    66.75    0.00       D_246_67_67
247   107.45   211.80   78.07    63.10    71.80    0.00       D_247_63_72
248   121.33   211.80   54.02    60.19    77.52    0.00       D_248_60_78
249   129.91   211.80   27.61    58.48    83.66    0.00       D_249_58_84
250   109.23   224.87   0.00     64.09    90.00    0.00       D_250_64_90
251   105.80   224.87   -27.17   64.80    96.24    0.00       D_251_65_96
252   95.72    224.87   -52.62   66.94    102.15   0.00       D_252_67_102
253   79.63    224.87   -74.78   70.50    107.40   0.00       D_253_71_107
254   58.53    224.87   -92.23   75.41    111.65   0.00       D_254_75_112
255   33.75    224.87   -103.89  81.46    114.55   0.00       D_255_81_115
256   6.86     224.87   -109.02  88.25    115.85   0.00       D_256_88_116
257   -20.47   224.87   -107.30  95.20    115.42   0.00       D_257_95_115
258   -46.51   224.87   -98.84   101.69   113.29   0.00       D_258_102_113
259   -69.63   224.87   -84.17   107.20   109.67   0.00       D_259_107_110
260   -88.37   224.87   -64.21   111.45   104.88   0.00       D_260_111_105
261   -101.56  224.87   -40.21   114.31   99.26    0.00       D_261_114_99
262   -108.37  224.87   -13.69   115.73   93.14    0.00       D_262_116_93
263   -108.37  224.87   13.69    115.73   86.86    0.00       D_263_116_87
264   -101.56  224.87   40.21    114.31   80.74    0.00       D_264_114_81
265   -88.37   224.87   64.21    111.45   75.12    0.00       D_265_111_75
266   -69.63   224.87   84.17    107.20   70.33    0.00       D_266_107_70
267   -46.51   224.87   98.84    101.69   66.71    0.00       D_267_102_67
268   -20.47   224.87   107.30   95.20    64.58    0.00       D_268_95_65
269   6.86     224.87   109.02   88.25    64.15    0.00       D_269_88_64
270   33.75    224.87   103.89   81.46    65.45    0.00       D_270_81_65
271   58.53    224.87   92.23    75.41    68.35    0.00       D_271_75_68
272   79.63    224.87   74.78    70.50    72.60    0.00       D_272_71_73
273   95.72    224.87   52.62    66.94    77.85    0.00       D_273_67_78
274   105.80   224.87   27.17    64.80    83.76    0.00       D_274_65_84
275   84.38    235.33   0.00     70.27    90.00    0.00       D_275_70_90
276   79.81    235.33   -27.40   71.27    96.29    0.00       D_276_71_96
277   66.59    235.33   -51.83   74.20    101.97   0.00       D_277_74_102
278   46.15    235.33   -70.64   78.90    106.41   0.00       D_278_79_106
279   20.71    235.33   -81.80   84.97    109.10   0.00       D_279_85_109
280   -6.97    235.33   -84.09   91.70    109.66   0.00       D_280_92_110
281   -33.90   235.33   -77.28   98.20    108.01   0.00       D_281_98_108
282   -57.15   235.33   -62.08   103.65   104.38   0.00       D_282_104_104
283   -74.21   235.33   -40.16   107.50   99.24    0.00       D_283_108_99
284   -83.23   235.33   -13.89   109.48   93.18    0.00       D_284_109_93
285   -83.23   235.33   13.89    109.48   86.82    0.00       D_285_109_87
286   -74.21   235.33   40.16    107.50   80.76    0.00       D_286_108_81
287   -57.15   235.33   62.08    103.65   75.62    0.00       D_287_104_76
288   -33.90   235.33   77.28    98.20    71.99    0.00       D_288_98_72
289   -6.97    235.33   84.09    91.70    70.34    0.00       D_289_92_70
290   20.71    235.33   81.80    84.97    70.90    0.00       D_290_85_71
291   46.15    235.33   70.64    78.90    73.59    0.00       D_291_79_74
292   66.59    235.33   51.83    74.20    78.03    0.00       D_292_74_78
293   79.81    235.33   27.40    71.27    83.71    0.00       D_293_71_84
294   58.55    243.05   0.00     76.46    90.00    0.00       D_294_76_90
295   51.84    243.05   -27.21   77.96    96.25    0.00       D_295_78_96
296   33.26    243.05   -48.19   82.21    101.11   0.00       D_296_82_101
297   7.06     243.05   -58.12   88.34    103.44   0.00       D_297_88_103
298   -20.76   243.05   -54.75   94.88    102.65   0.00       D_298_95_103
299   -43.83   243.05   -38.83   100.22   98.93    0.00       D_299_100_99
300   -56.85   243.05   -14.01   103.16   93.21    0.00       D_300_103_93
301   -56.85   243.05   14.01    103.16   86.79    0.00       D_301_103_87
302   -43.83   243.05   38.83    100.22   81.07    0.00       D_302_100_81
303   -20.76   243.05   54.75    94.88    77.35    0.00       D_303_95_77
304   7.06     243.05   58.12    88.34    76.56    0.00       D_304_88_77
305   33.26    243.05   48.19    82.21    78.89    0.00       D_305_82_79
306   51.84    243.05   27.21    77.96    83.75    0.00       D_306_78_84
307   32.04    247.94   0.00     82.64    90.00    0.00       D_307_83_90
308   19.97    247.94   -25.05   85.39    95.75    0.00       D_308_85_96
309   -7.13    247.94   -31.23   91.65    97.18    0.00       D_309_92_97
310   -28.86   247.94   -13.90   96.64    93.19    0.00       D_310_97_93
311   -28.86   247.94   13.90    96.64    86.81    0.00       D_311_97_87
312   -7.13    247.94   31.23    91.65    82.82    0.00       D_312_92_83
313   19.97    247.94   25.05    85.39    84.25    0.00       D_313_85_84
314   0.00     250.00   0.00     90.00    90.00    0.00       D_314_90_90
_________________________________________________________________________
    ... Detectors inserted. 

=======================================================================
======                 Electromagnetic Physics Parameters      ========
=======================================================================
LPM effect enabled                                 1
Enable creation and use of sampling tables         0
Apply cuts on all EM processes                     0
Use combined TransportationWithMsc                 Disabled
Use general process                                1
Enable linear polarisation for gamma               0
Enable photoeffect sampling below K-shell          1
Enable sampling of quantum entanglement            0
X-section factor for integral approach             0.80000
Min kinetic energy for tables                      100.00000 eV 
Max kinetic energy for tables                      100.00000 TeV
Number of bins per decade of a table               20
Verbose level                                      1
Verbose level for worker thread                    0
Bremsstrahlung energy threshold above which 
  primary e+- is added to the list of secondary    100.00000 TeV
Bremsstrahlung energy threshold above which primary
  muon/hadron is added to the list of secondary    100.00000 TeV
Lowest triplet kinetic energy                      1.00000 MeV
Enable sampling of gamma linear polarisation       0
5D gamma conversion model type                     0
5D gamma conversion model on isolated ion          0
Livermore data directory                           epics_2017
=======================================================================
======                 Ionisation Parameters                   ========
=======================================================================
Step function for e+-                              (0.20000, 0.01000 mm)
Step function for muons/hadrons                    (0.10000, 0.05000 mm)
Step function for light ions                       (0.10000, 0.02000 mm)
Step function for general ions                     (0.10000, 0.00100 mm)
Lowest e+e- kinetic energy                         100.00000 eV 
Lowest muon/hadron kinetic energy                  1.00000 keV
Use ICRU90 data                                    1
Fluctuations of dE/dx are enabled                  1
Type of fluctuation model for leptons and hadrons  Urban
Use built-in Birks satuaration                     0
Build CSDA range enabled                           0
Use cut as a final range enabled                   0
Enable angular generator interface                 1
Max kinetic energy for CSDA tables                 1.00000 GeV
Max kinetic energy for NIEL computation            1.00000 MeV
Linear loss limit                                  0.01000
Read data from file for e+e- pair production by mu 0
=======================================================================
======                 Multiple Scattering Parameters          ========
=======================================================================
Type of msc step limit algorithm for e+-           2
Type of msc step limit algorithm for muons/hadrons 0
Msc lateral displacement for e+- enabled           1
Msc lateral displacement for muons and hadrons     1
Urban msc model lateral displacement alg96         1
Range factor for msc step limit for e+-            0.08000
Range factor for msc step limit for muons/hadrons  0.20000
Geometry factor for msc step limitation of e+-     2.50000
Safety factor for msc step limit for e+-           0.60000
Skin parameter for msc step limitation of e+-      3.00000
Lambda limit for msc step limit for e+-            1.00000 mm
Use Mott correction for e- scattering              1
Factor used for dynamic computation of angular 
  limit between single and multiple scattering     1.00000
Fixed angular limit between single 
  and multiple scattering                          3.14159 rad
Upper energy limit for e+- multiple scattering     100.00000 MeV
Type of electron single scattering model           0
Type of nuclear form-factor                        1
Screening factor                                   1.00000
=======================================================================
======                 Atomic Deexcitation Parameters          ========
=======================================================================
Fluorescence enabled                               1
Directory in G4LEDATA for fluorescence data files  fluor
Auger electron cascade enabled                     0
PIXE atomic de-excitation enabled                  0
De-excitation module ignores cuts                  0
Type of PIXE cross section for hadrons             Empirical
Type of PIXE cross section for e+-                 Livermore
=======================================================================

### ===  Deexcitation model UAtomDeexcitation is activated for 1 region:
          DefaultRegionForTheWorld  1  0  0
### ===  Ignore cuts flag:   0

phot:  for gamma SubType=12 BuildTable=0
      LambdaPrime table from 200.000000 keV to 100.000000 TeV in 174 bins 
      ===== EM models for the G4Region  DefaultRegionForTheWorld ======
LivermorePhElectric  : Emin=0.000000 eV  Emax=100.000000 TeV  SauterGavrila Fluo

compt:  for gamma SubType=13 BuildTable=1
      Lambda table from 100.000000 eV  to 1.000000 MeV, 20 bins/decade, spline: 1
      LambdaPrime table from 1.000000 MeV to 100.000000 TeV in 160 bins 
      ===== EM models for the G4Region  DefaultRegionForTheWorld ======
LowEPComptonModel    : Emin=0.000000 eV  Emax=20.000000 MeV Fluo
KleinNishina         : Emin=20.000000 MeV Emax=100.000000 TeV Fluo

conv:  for gamma SubType=14 BuildTable=1
      Lambda table from 1.021998 MeV to 100.000000 TeV, 20 bins/decade, spline: 1
      ===== EM models for the G4Region  DefaultRegionForTheWorld ======
BetheHeitler5D       : Emin=0.000000 eV  Emax=100.000000 TeV  ModifiedTsai

Rayl:  for gamma SubType=11 BuildTable=1
      Lambda table from 100.000000 eV  to 150.000000 keV, 20 bins/decade, spline: 0
      LambdaPrime table from 150.000000 keV to 100.000000 TeV in 176 bins 
      ===== EM models for the G4Region  DefaultRegionForTheWorld ======
LivermoreRayleigh    : Emin=0.000000 eV  Emax=100.000000 TeV  CullenGenerator

msc:  for e-  SubType= 10
      ===== EM models for the G4Region  DefaultRegionForTheWorld ======
GoudsmitSaunderson   : Emin=0.000000 eV  Emax=100.000000 MeV Nbins=120 100.000000 eV  - 100.000000 MeV
StepLim=          SafetyPlus Rfact=0.080000 Gfact=2.500000 Sfact=0.600000 DispFlag:1 Skin=3.000000 Llim=1.000000 mm
WentzelVIUni         : Emin=100.000000 MeV Emax=100.000000 TeV Nbins=120 100.000000 MeV - 100.000000 TeV
StepLim=          SafetyPlus Rfact=0.080000 Gfact=2.500000 Sfact=0.600000 DispFlag:1 Skin=3.000000 Llim=1.000000 mm

eIoni:  for e-  XStype:3  SubType=2
      dE/dx and range tables from 100.000000 eV  to 100.000000 TeV in 240 bins
      Lambda tables from threshold to 100.000000 TeV, 20 bins/decade, spline: 1
      StepFunction=(0.200000, 0.010000 mm), integ: 3, fluct: 1, linLossLim= 0.010000
      ===== EM models for the G4Region  DefaultRegionForTheWorld ======
PenIoni              : Emin=0.000000 eV  Emax=100.000000 keV
MollerBhabha         : Emin=100.000000 keV Emax=100.000000 TeV  deltaVI

eBrem:  for e-  XStype:4  SubType=3
      dE/dx and range tables from 100.000000 eV  to 100.000000 TeV in 240 bins
      Lambda tables from threshold to 100.000000 TeV, 20 bins/decade, spline: 1
      LPM flag: 1 for E > 1.000000 GeV,  VertexHighEnergyTh(GeV)= 100000.000000
      ===== EM models for the G4Region  DefaultRegionForTheWorld ======
eBremSB              : Emin=0.000000 eV  Emax=1.000000 GeV  AngularGen2BS
eBremLPM             : Emin=1.000000 GeV Emax=100.000000 TeV  AngularGen2BS

ePairProd:  for e-  XStype:1  SubType=4
      dE/dx and range tables from 100.000000 eV  to 100.000000 TeV in 240 bins
      Lambda tables from threshold to 100.000000 TeV, 20 bins/decade, spline: 0
      Sampling table 25x1001; from 0.100000 GeV to 100.000000 TeV 
      ===== EM models for the G4Region  DefaultRegionForTheWorld ======
ePairProd            : Emin=0.000000 eV  Emax=100.000000 TeV  ModifiedMephi

CoulombScat:  for e- XStype:1 SubType=1 BuildTable=1
      Lambda table from 100.000000 MeV to 100.000000 TeV, 20 bins/decade, spline: 0
      ThetaMin(p) < Theta(degree) < 180, pLimit(GeV^1)= 0.139531
      ===== EM models for the G4Region  DefaultRegionForTheWorld ======
eCoulombScattering   : Emin=100.000000 MeV Emax=100.000000 TeV

msc:  for e+  SubType= 10
      ===== EM models for the G4Region  DefaultRegionForTheWorld ======
GoudsmitSaunderson   : Emin=0.000000 eV  Emax=100.000000 MeV Nbins=120 100.000000 eV  - 100.000000 MeV
StepLim=          SafetyPlus Rfact=0.080000 Gfact=2.500000 Sfact=0.600000 DispFlag:1 Skin=3.000000 Llim=1.000000 mm
WentzelVIUni         : Emin=100.000000 MeV Emax=100.000000 TeV Nbins=120 100.000000 MeV - 100.000000 TeV
StepLim=          SafetyPlus Rfact=0.080000 Gfact=2.500000 Sfact=0.600000 DispFlag:1 Skin=3.000000 Llim=1.000000 mm

eIoni:  for e+  XStype:3  SubType=2
      dE/dx and range tables from 100.000000 eV  to 100.000000 TeV in 240 bins
      Lambda tables from threshold to 100.000000 TeV, 20 bins/decade, spline: 1
      StepFunction=(0.200000, 0.010000 mm), integ: 3, fluct: 1, linLossLim= 0.010000
      ===== EM models for the G4Region  DefaultRegionForTheWorld ======
PenIoni              : Emin=0.000000 eV  Emax=100.000000 keV
MollerBhabha         : Emin=100.000000 keV Emax=100.000000 TeV  deltaVI

eBrem:  for e+  XStype:4  SubType=3
      dE/dx and range tables from 100.000000 eV  to 100.000000 TeV in 240 bins
      Lambda tables from threshold to 100.000000 TeV, 20 bins/decade, spline: 1
      LPM flag: 1 for E > 1.000000 GeV,  VertexHighEnergyTh(GeV)= 100000.000000
      ===== EM models for the G4Region  DefaultRegionForTheWorld ======
eBremSB              : Emin=0.000000 eV  Emax=1.000000 GeV  AngularGen2BS
eBremLPM             : Emin=1.000000 GeV Emax=100.000000 TeV  AngularGen2BS

ePairProd:  for e+  XStype:1  SubType=4
      dE/dx and range tables from 100.000000 eV  to 100.000000 TeV in 240 bins
      Lambda tables from threshold to 100.000000 TeV, 20 bins/decade, spline: 0
      Sampling table 25x1001; from 0.100000 GeV to 100.000000 TeV 
      ===== EM models for the G4Region  DefaultRegionForTheWorld ======
ePairProd            : Emin=0.000000 eV  Emax=100.000000 TeV  ModifiedMephi

annihil:  for e+ XStype:2 SubType=5 BuildTable=0
      ===== EM models for the G4Region  DefaultRegionForTheWorld ======
eplus2gg             : Emin=0.000000 eV  Emax=100.000000 TeV

CoulombScat:  for e+ XStype:1 SubType=1 BuildTable=1
      Lambda table from 100.000000 MeV to 100.000000 TeV, 20 bins/decade, spline: 0
      ThetaMin(p) < Theta(degree) < 180, pLimit(GeV^1)= 0.139531
      ===== EM models for the G4Region  DefaultRegionForTheWorld ======
eCoulombScattering   : Emin=100.000000 MeV Emax=100.000000 TeV

msc:  for proton  SubType= 10
      ===== EM models for the G4Region  DefaultRegionForTheWorld ======
WentzelVIUni         : Emin=0.000000 eV  Emax=100.000000 TeV Nbins=240 100.000000 eV  - 100.000000 TeV
StepLim=          Minimal Rfact=0.200000 Gfact=2.500000 Sfact=0.600000 DispFlag:1 Skin=3.000000 Llim=1.000000 mm

hIoni:  for proton  XStype:3  SubType=2
      dE/dx and range tables from 100.000000 eV  to 100.000000 TeV in 240 bins
      Lambda tables from threshold to 100.000000 TeV, 20 bins/decade, spline: 1
      StepFunction=(0.100000, 0.050000 mm), integ: 3, fluct: 1, linLossLim= 0.010000
      ===== EM models for the G4Region  DefaultRegionForTheWorld ======
Bragg                : Emin=0.000000 eV  Emax=2.000000 MeV  deltaVI
BetheBloch           : Emin=2.000000 MeV Emax=100.000000 TeV  deltaVI

hBrems:  for proton  XStype:1  SubType=3
      dE/dx and range tables from 100.000000 eV  to 100.000000 TeV in 240 bins
      Lambda tables from threshold to 100.000000 TeV, 20 bins/decade, spline: 1
      ===== EM models for the G4Region  DefaultRegionForTheWorld ======
hBrem                : Emin=0.000000 eV  Emax=100.000000 TeV  ModifiedMephi

hPairProd:  for proton  XStype:1  SubType=4
      dE/dx and range tables from 100.000000 eV  to 100.000000 TeV in 240 bins
      Lambda tables from threshold to 100.000000 TeV, 20 bins/decade, spline: 1
      Sampling table 17x1001; from 7.506176 GeV to 100.000000 TeV 
      ===== EM models for the G4Region  DefaultRegionForTheWorld ======
hPairProd            : Emin=0.000000 eV  Emax=100.000000 TeV  ModifiedMephi

CoulombScat:  for proton XStype:1 SubType=1 BuildTable=1
      Lambda table from threshold  to 100.000000 TeV, 20 bins/decade, spline: 0
      ThetaMin(p) < Theta(degree) < 180, pLimit(GeV^1)= 0.139531
      ===== EM models for the G4Region  DefaultRegionForTheWorld ======
eCoulombScattering   : Emin=0.000000 eV  Emax=100.000000 TeV

nuclearStopping:  for proton SubType=8 BuildTable=0
      ===== EM models for the G4Region  DefaultRegionForTheWorld ======
ICRU49NucStopping    : Emin=0.000000 eV  Emax=1.000000 MeV

msc:  for GenericIon  SubType= 10
      ===== EM models for the G4Region  DefaultRegionForTheWorld ======
UrbanMsc             : Emin=0.000000 eV  Emax=100.000000 TeV
StepLim=          Minimal Rfact=0.200000 Gfact=2.500000 Sfact=0.600000 DispFlag:1 Skin=3.000000 Llim=1.000000 mm

ionIoni:  for GenericIon  XStype:3  SubType=2
      dE/dx and range tables from 100.000000 eV  to 100.000000 TeV in 240 bins
      Lambda tables from threshold to 100.000000 TeV, 20 bins/decade, spline: 1
      StepFunction=(0.100000, 0.001000 mm), integ: 3, fluct: 1, linLossLim= 0.020000
      ===== EM models for the G4Region  DefaultRegionForTheWorld ======
LindhardSorensen     : Emin=0.000000 eV  Emax=100.000000 TeV  deltaVI

nuclearStopping:  for GenericIon SubType=8 BuildTable=0
      ===== EM models for the G4Region  DefaultRegionForTheWorld ======
ICRU49NucStopping    : Emin=0.000000 eV  Emax=1.000000 MeV

msc:  for alpha  SubType= 10
      ===== EM models for the G4Region  DefaultRegionForTheWorld ======
UrbanMsc             : Emin=0.000000 eV  Emax=100.000000 TeV
StepLim=          Minimal Rfact=0.200000 Gfact=2.500000 Sfact=0.600000 DispFlag:1 Skin=3.000000 Llim=1.000000 mm

ionIoni:  for alpha  XStype:3  SubType=2
      dE/dx and range tables from 100.000000 eV  to 100.000000 TeV in 240 bins
      Lambda tables from threshold to 100.000000 TeV, 20 bins/decade, spline: 1
      StepFunction=(0.100000, 0.020000 mm), integ: 3, fluct: 1, linLossLim= 0.020000
      ===== EM models for the G4Region  DefaultRegionForTheWorld ======
BraggIon             : Emin=0.000000 eV  Emax=7.945199 MeV  deltaVI
BetheBloch           : Emin=7.945199 MeV Emax=100.000000 TeV  deltaVI

nuclearStopping:  for alpha SubType=8 BuildTable=0
      ===== EM models for the G4Region  DefaultRegionForTheWorld ======
ICRU49NucStopping    : Emin=0.000000 eV  Emax=1.000000 MeV

msc:  for anti_proton  SubType= 10
      ===== EM models for the G4Region  DefaultRegionForTheWorld ======
WentzelVIUni         : Emin=0.000000 eV  Emax=100.000000 TeV Nbins=240 100.000000 eV  - 100.000000 TeV
StepLim=          Minimal Rfact=0.200000 Gfact=2.500000 Sfact=0.600000 DispFlag:1 Skin=3.000000 Llim=1.000000 mm

hIoni:  for anti_proton  XStype:3  SubType=2
      dE/dx and range tables from 100.000000 eV  to 100.000000 TeV in 240 bins
      Lambda tables from threshold to 100.000000 TeV, 20 bins/decade, spline: 1
      StepFunction=(0.100000, 0.050000 mm), integ: 3, fluct: 1, linLossLim= 0.010000
      ===== EM models for the G4Region  DefaultRegionForTheWorld ======
ICRU73QO             : Emin=0.000000 eV  Emax=2.000000 MeV  deltaVI
BetheBloch           : Emin=2.000000 MeV Emax=100.000000 TeV  deltaVI

hBrems:  for anti_proton  XStype:1  SubType=3
      dE/dx and range tables from 100.000000 eV  to 100.000000 TeV in 240 bins
      Lambda tables from threshold to 100.000000 TeV, 20 bins/decade, spline: 1
      ===== EM models for the G4Region  DefaultRegionForTheWorld ======
hBrem                : Emin=0.000000 eV  Emax=100.000000 TeV  ModifiedMephi

hPairProd:  for anti_proton  XStype:1  SubType=4
      dE/dx and range tables from 100.000000 eV  to 100.000000 TeV in 240 bins
      Lambda tables from threshold to 100.000000 TeV, 20 bins/decade, spline: 1
      Sampling table 17x1001; from 7.506176 GeV to 100.000000 TeV 
      ===== EM models for the G4Region  DefaultRegionForTheWorld ======
hPairProd            : Emin=0.000000 eV  Emax=100.000000 TeV  ModifiedMephi

CoulombScat:  for anti_proton XStype:1 SubType=1 BuildTable=1
      Lambda table from threshold  to 100.000000 TeV, 20 bins/decade, spline: 0
      ThetaMin(p) < Theta(degree) < 180, pLimit(GeV^1)= 0.139531
      ===== EM models for the G4Region  DefaultRegionForTheWorld ======
eCoulombScattering   : Emin=0.000000 eV  Emax=100.000000 TeV

msc:  for kaon+  SubType= 10
      ===== EM models for the G4Region  DefaultRegionForTheWorld ======
WentzelVIUni         : Emin=0.000000 eV  Emax=100.000000 TeV Nbins=240 100.000000 eV  - 100.000000 TeV
StepLim=          Minimal Rfact=0.200000 Gfact=2.500000 Sfact=0.600000 DispFlag:1 Skin=3.000000 Llim=1.000000 mm

hIoni:  for kaon+  XStype:3  SubType=2
      dE/dx and range tables from 100.000000 eV  to 100.000000 TeV in 240 bins
      Lambda tables from threshold to 100.000000 TeV, 20 bins/decade, spline: 1
      StepFunction=(0.100000, 0.050000 mm), integ: 3, fluct: 1, linLossLim= 0.010000
      ===== EM models for the G4Region  DefaultRegionForTheWorld ======
Bragg                : Emin=0.000000 eV  Emax=1.052311 MeV  deltaVI
BetheBloch           : Emin=1.052311 MeV Emax=100.000000 TeV  deltaVI

hBrems:  for kaon+  XStype:1  SubType=3
      dE/dx and range tables from 100.000000 eV  to 100.000000 TeV in 240 bins
      Lambda tables from threshold to 100.000000 TeV, 20 bins/decade, spline: 1
      ===== EM models for the G4Region  DefaultRegionForTheWorld ======
hBrem                : Emin=0.000000 eV  Emax=100.000000 TeV  ModifiedMephi

hPairProd:  for kaon+  XStype:1  SubType=4
      dE/dx and range tables from 100.000000 eV  to 100.000000 TeV in 240 bins
      Lambda tables from threshold to 100.000000 TeV, 20 bins/decade, spline: 1
      Sampling table 18x1001; from 3.949416 GeV to 100.000000 TeV 
      ===== EM models for the G4Region  DefaultRegionForTheWorld ======
hPairProd            : Emin=0.000000 eV  Emax=100.000000 TeV  ModifiedMephi

CoulombScat:  for kaon+ XStype:1 SubType=1 BuildTable=1
      Lambda table from threshold  to 100.000000 TeV, 20 bins/decade, spline: 0
      ThetaMin(p) < Theta(degree) < 180, pLimit(GeV^1)= 0.139531
      ===== EM models for the G4Region  DefaultRegionForTheWorld ======
eCoulombScattering   : Emin=0.000000 eV  Emax=100.000000 TeV

msc:  for kaon-  SubType= 10
      ===== EM models for the G4Region  DefaultRegionForTheWorld ======
WentzelVIUni         : Emin=0.000000 eV  Emax=100.000000 TeV Nbins=240 100.000000 eV  - 100.000000 TeV
StepLim=          Minimal Rfact=0.200000 Gfact=2.500000 Sfact=0.600000 DispFlag:1 Skin=3.000000 Llim=1.000000 mm

hIoni:  for kaon-  XStype:3  SubType=2
      dE/dx and range tables from 100.000000 eV  to 100.000000 TeV in 240 bins
      Lambda tables from threshold to 100.000000 TeV, 20 bins/decade, spline: 1
      StepFunction=(0.100000, 0.050000 mm), integ: 3, fluct: 1, linLossLim= 0.010000
      ===== EM models for the G4Region  DefaultRegionForTheWorld ======
ICRU73QO             : Emin=0.000000 eV  Emax=1.052311 MeV  deltaVI
BetheBloch           : Emin=1.052311 MeV Emax=100.000000 TeV  deltaVI

hBrems:  for kaon-  XStype:1  SubType=3
      dE/dx and range tables from 100.000000 eV  to 100.000000 TeV in 240 bins
      Lambda tables from threshold to 100.000000 TeV, 20 bins/decade, spline: 1
      ===== EM models for the G4Region  DefaultRegionForTheWorld ======
hBrem                : Emin=0.000000 eV  Emax=100.000000 TeV  ModifiedMephi

hPairProd:  for kaon-  XStype:1  SubType=4
      dE/dx and range tables from 100.000000 eV  to 100.000000 TeV in 240 bins
      Lambda tables from threshold to 100.000000 TeV, 20 bins/decade, spline: 1
      Sampling table 18x1001; from 3.949416 GeV to 100.000000 TeV 
      ===== EM models for the G4Region  DefaultRegionForTheWorld ======
hPairProd            : Emin=0.000000 eV  Emax=100.000000 TeV  ModifiedMephi

CoulombScat:  for kaon- XStype:1 SubType=1 BuildTable=1
      Used Lambda table of kaon+
      ThetaMin(p) < Theta(degree) < 180, pLimit(GeV^1)= 0.139531
      ===== EM models for the G4Region  DefaultRegionForTheWorld ======
eCoulombScattering   : Emin=0.000000 eV  Emax=100.000000 TeV

msc:  for mu+  SubType= 10
      ===== EM models for the G4Region  DefaultRegionForTheWorld ======
WentzelVIUni         : Emin=0.000000 eV  Emax=100.000000 TeV Nbins=240 100.000000 eV  - 100.000000 TeV
StepLim=          Minimal Rfact=0.200000 Gfact=2.500000 Sfact=0.600000 DispFlag:1 Skin=3.000000 Llim=1.000000 mm

muIoni:  for mu+  XStype:3  SubType=2
      dE/dx and range tables from 100.000000 eV  to 100.000000 TeV in 240 bins
      Lambda tables from threshold to 100.000000 TeV, 20 bins/decade, spline: 1
      StepFunction=(0.100000, 0.050000 mm), integ: 3, fluct: 1, linLossLim= 0.010000
      ===== EM models for the G4Region  DefaultRegionForTheWorld ======
Bragg                : Emin=0.000000 eV  Emax=200.000000 keV  deltaVI
MuBetheBloch         : Emin=200.000000 keV Emax=100.000000 TeV  deltaVI

muBrems:  for mu+  XStype:1  SubType=3
      dE/dx and range tables from 100.000000 eV  to 100.000000 TeV in 240 bins
      Lambda tables from threshold to 100.000000 TeV, 20 bins/decade, spline: 1
      ===== EM models for the G4Region  DefaultRegionForTheWorld ======
MuBrem               : Emin=0.000000 eV  Emax=100.000000 TeV  ModifiedMephi

muPairProd:  for mu+  XStype:1  SubType=4
      dE/dx and range tables from 100.000000 eV  to 100.000000 TeV in 240 bins
      Lambda tables from threshold to 100.000000 TeV, 20 bins/decade, spline: 1
      Sampling table 21x1001; from 0.850000 GeV to 100.000000 TeV 
      ===== EM models for the G4Region  DefaultRegionForTheWorld ======
muPairProd           : Emin=0.000000 eV  Emax=100.000000 TeV  ModifiedMephi

CoulombScat:  for mu+ XStype:1 SubType=1 BuildTable=1
      Lambda table from threshold  to 100.000000 TeV, 20 bins/decade, spline: 0
      ThetaMin(p) < Theta(degree) < 180, pLimit(GeV^1)= 0.139531
      ===== EM models for the G4Region  DefaultRegionForTheWorld ======
eCoulombScattering   : Emin=0.000000 eV  Emax=100.000000 TeV

msc:  for mu-  SubType= 10
      ===== EM models for the G4Region  DefaultRegionForTheWorld ======
WentzelVIUni         : Emin=0.000000 eV  Emax=100.000000 TeV Nbins=240 100.000000 eV  - 100.000000 TeV
StepLim=          Minimal Rfact=0.200000 Gfact=2.500000 Sfact=0.600000 DispFlag:1 Skin=3.000000 Llim=1.000000 mm

muIoni:  for mu-  XStype:3  SubType=2
      dE/dx and range tables from 100.000000 eV  to 100.000000 TeV in 240 bins
      Lambda tables from threshold to 100.000000 TeV, 20 bins/decade, spline: 1
      StepFunction=(0.100000, 0.050000 mm), integ: 3, fluct: 1, linLossLim= 0.010000
      ===== EM models for the G4Region  DefaultRegionForTheWorld ======
ICRU73QO             : Emin=0.000000 eV  Emax=200.000000 keV  deltaVI
MuBetheBloch         : Emin=200.000000 keV Emax=100.000000 TeV  deltaVI

muBrems:  for mu-  XStype:1  SubType=3
      dE/dx and range tables from 100.000000 eV  to 100.000000 TeV in 240 bins
      Lambda tables from threshold to 100.000000 TeV, 20 bins/decade, spline: 1
      ===== EM models for the G4Region  DefaultRegionForTheWorld ======
MuBrem               : Emin=0.000000 eV  Emax=100.000000 TeV  ModifiedMephi

muPairProd:  for mu-  XStype:1  SubType=4
      dE/dx and range tables from 100.000000 eV  to 100.000000 TeV in 240 bins
      Lambda tables from threshold to 100.000000 TeV, 20 bins/decade, spline: 1
      Sampling table 21x1001; from 0.850000 GeV to 100.000000 TeV 
      ===== EM models for the G4Region  DefaultRegionForTheWorld ======
muPairProd           : Emin=0.000000 eV  Emax=100.000000 TeV  ModifiedMephi

CoulombScat:  for mu- XStype:1 SubType=1 BuildTable=1
      Used Lambda table of mu+
      ThetaMin(p) < Theta(degree) < 180, pLimit(GeV^1)= 0.139531
      ===== EM models for the G4Region  DefaultRegionForTheWorld ======
eCoulombScattering   : Emin=0.000000 eV  Emax=100.000000 TeV

msc:  for pi+  SubType= 10
      ===== EM models for the G4Region  DefaultRegionForTheWorld ======
WentzelVIUni         : Emin=0.000000 eV  Emax=100.000000 TeV Nbins=240 100.000000 eV  - 100.000000 TeV
StepLim=          Minimal Rfact=0.200000 Gfact=2.500000 Sfact=0.600000 DispFlag:1 Skin=3.000000 Llim=1.000000 mm

hIoni:  for pi+  XStype:3  SubType=2
      dE/dx and range tables from 100.000000 eV  to 100.000000 TeV in 240 bins
      Lambda tables from threshold to 100.000000 TeV, 20 bins/decade, spline: 1
      StepFunction=(0.100000, 0.050000 mm), integ: 3, fluct: 1, linLossLim= 0.010000
      ===== EM models for the G4Region  DefaultRegionForTheWorld ======
Bragg                : Emin=0.000000 eV  Emax=297.504557 keV  deltaVI
BetheBloch           : Emin=297.504557 keV Emax=100.000000 TeV  deltaVI

hBrems:  for pi+  XStype:1  SubType=3
      dE/dx and range tables from 100.000000 eV  to 100.000000 TeV in 240 bins
      Lambda tables from threshold to 100.000000 TeV, 20 bins/decade, spline: 1
      ===== EM models for the G4Region  DefaultRegionForTheWorld ======
hBrem                : Emin=0.000000 eV  Emax=100.000000 TeV  ModifiedMephi

hPairProd:  for pi+  XStype:1  SubType=4
      dE/dx and range tables from 100.000000 eV  to 100.000000 TeV in 240 bins
      Lambda tables from threshold to 100.000000 TeV, 20 bins/decade, spline: 1
      Sampling table 20x1001; from 1.116561 GeV to 100.000000 TeV 
      ===== EM models for the G4Region  DefaultRegionForTheWorld ======
hPairProd            : Emin=0.000000 eV  Emax=100.000000 TeV  ModifiedMephi

CoulombScat:  for pi+ XStype:1 SubType=1 BuildTable=1
      Lambda table from threshold  to 100.000000 TeV, 20 bins/decade, spline: 0
      ThetaMin(p) < Theta(degree) < 180, pLimit(GeV^1)= 0.139531
      ===== EM models for the G4Region  DefaultRegionForTheWorld ======
eCoulombScattering   : Emin=0.000000 eV  Emax=100.000000 TeV

msc:  for pi-  SubType= 10
      ===== EM models for the G4Region  DefaultRegionForTheWorld ======
WentzelVIUni         : Emin=0.000000 eV  Emax=100.000000 TeV Nbins=240 100.000000 eV  - 100.000000 TeV
StepLim=          Minimal Rfact=0.200000 Gfact=2.500000 Sfact=0.600000 DispFlag:1 Skin=3.000000 Llim=1.000000 mm

hIoni:  for pi-  XStype:3  SubType=2
      dE/dx and range tables from 100.000000 eV  to 100.000000 TeV in 240 bins
      Lambda tables from threshold to 100.000000 TeV, 20 bins/decade, spline: 1
      StepFunction=(0.100000, 0.050000 mm), integ: 3, fluct: 1, linLossLim= 0.010000
      ===== EM models for the G4Region  DefaultRegionForTheWorld ======
ICRU73QO             : Emin=0.000000 eV  Emax=297.504557 keV  deltaVI
BetheBloch           : Emin=297.504557 keV Emax=100.000000 TeV  deltaVI

hBrems:  for pi-  XStype:1  SubType=3
      dE/dx and range tables from 100.000000 eV  to 100.000000 TeV in 240 bins
      Lambda tables from threshold to 100.000000 TeV, 20 bins/decade, spline: 1
      ===== EM models for the G4Region  DefaultRegionForTheWorld ======
hBrem                : Emin=0.000000 eV  Emax=100.000000 TeV  ModifiedMephi

hPairProd:  for pi-  XStype:1  SubType=4
      dE/dx and range tables from 100.000000 eV  to 100.000000 TeV in 240 bins
      Lambda tables from threshold to 100.000000 TeV, 20 bins/decade, spline: 1
      Sampling table 20x1001; from 1.116561 GeV to 100.000000 TeV 
      ===== EM models for the G4Region  DefaultRegionForTheWorld ======
hPairProd            : Emin=0.000000 eV  Emax=100.000000 TeV  ModifiedMephi

CoulombScat:  for pi- XStype:1 SubType=1 BuildTable=1
      Used Lambda table of pi+
      ThetaMin(p) < Theta(degree) < 180, pLimit(GeV^1)= 0.139531
      ===== EM models for the G4Region  DefaultRegionForTheWorld ======
eCoulombScattering   : Emin=0.000000 eV  Emax=100.000000 TeV

========= Table of registered couples ============================

Index : 0     used in the geometry : Yes
 Material : G4_Galactic
 Range cuts        :  gamma  500.000000 um     e-  500.000000 um     e+  500.000000 um  proton 500.000000 um 
 Energy thresholds :  gamma  990.000000 eV     e-  990.000000 eV     e+  990.000000 eV  proton 50.000000 keV
 Region(s) which use this couple : 
    DefaultRegionForTheWorld

Index : 1     used in the geometry : Yes
 Material : G4_AIR
 Range cuts        :  gamma  500.000000 um     e-  500.000000 um     e+  500.000000 um  proton 500.000000 um 
 Energy thresholds :  gamma  990.000000 eV     e-  990.000000 eV     e+  990.000000 eV  proton 50.000000 keV
 Region(s) which use this couple : 
    DefaultRegionForTheWorld

Index : 2     used in the geometry : Yes
 Material : G4_Al
 Range cuts        :  gamma  500.000000 um     e-  500.000000 um     e+  500.000000 um  proton 500.000000 um 
 Energy thresholds :  gamma  4.992186 keV    e-  365.031553 keV    e+  353.601481 keV proton 50.000000 keV
 Region(s) which use this couple : 
    DefaultRegionForTheWorld

Index : 3     used in the geometry : Yes
 Material : LYSO
 Range cuts        :  gamma  500.000000 um     e-  500.000000 um     e+  500.000000 um  proton 500.000000 um 
 Energy thresholds :  gamma  42.604422 keV    e-  615.400283 keV    e+  587.441894 keV proton 50.000000 keV
 Region(s) which use this couple : 
    DefaultRegionForTheWorld

Index : 4     used in the geometry : Yes
 Material : G4_BARIUM_SULFATE
 Range cuts        :  gamma  500.000000 um     e-  500.000000 um     e+  500.000000 um  proton 500.000000 um 
 Energy thresholds :  gamma  19.097494 keV    e-  466.673551 keV    e+  448.877780 keV proton 50.000000 keV
 Region(s) which use this couple : 
    DefaultRegionForTheWorld

Index : 5     used in the geometry : Yes
 Material : G4_TEFLON
 Range cuts        :  gamma  500.000000 um     e-  500.000000 um     e+  500.000000 um  proton 500.000000 um 
 Energy thresholds :  gamma  3.235191 keV    e-  329.059009 keV    e+  319.780394 keV proton 50.000000 keV
 Region(s) which use this couple : 
    DefaultRegionForTheWorld

==================================================================

G4VisManager: Using G4TrajectoryDrawByCharge as fallback trajectory model.
See commands in /vis/modeling/trajectories/ for other options.
### Run 0 starts.
# Run 0 start.
Using analysis type: 
... set ntuple merging row mode : row-wise - done
... create file : Example_Gamma_AngDistr.root - done
... open analysis file : Example_Gamma_AngDistr.root - done
... open analysis file : Example_Gamma_AngDistr.root - done

----> Output file is open in Example_Gamma_AngDistr.root.
 Number of Events for this Run: 5000000
---> Beginning event: 1 of 5000000
---> Beginning event: 1 of 5000000
---> Beginning event: 500001 of 5000000
---> Beginning event: 1000001 of 5000000
---> Beginning event: 1500001 of 5000000
---> Beginning event: 2000001 of 5000000
---> Beginning event: 2500001 of 5000000
---> Beginning event: 3000001 of 5000000
---> Beginning event: 3500001 of 5000000
---> Beginning event: 4000001 of 5000000
---> Beginning event: 4500001 of 5000000
 Run terminated.
Run Summary
  Number of events processed : 5000000
  User=134.490000s Real=134.991114s Sys=0.470000s [Cpu=100.0%]
 End of Run                  0
 Number of Events:           5000000
 Saving results to root file Example_Gamma_AngDistr.root
... write file : Example_Gamma_AngDistr.root - done
... close file : Example_Gamma_AngDistr.root - done

----> The tree is saved

--> Saving Run info to file CalorRunInfo.txt

Graphics systems deleted.
Visualization Manager deleting...
================== Deleting memory pools ===================
Number of memory pools allocated: 11; of which, static: 0
Dynamic pools deleted: 11 / Total memory freed: 0.19 MB
============================================================
